{"name": "Valid search", "status": "broken", "statusDetails": {"message": "selenium.common.exceptions.NoSuchElementException: Message: no such element: Unable to locate element: {\"method\":\"xpath\",\"selector\":\"//a[contains(text(), 'Apple Cinema 30')]\"}\n  (Session info: MicrosoftEdge=126.0.2592.113); For documentation on this error, please visit: https://www.selenium.dev/documentation/webdriver/troubleshooting/errors#no-such-element-exception\nStacktrace:\n\tGetHandleVerifier [0x00007FF612878132+13538]\n\tMicrosoft::Applications::Events::EventProperty::~EventProperty [0x00007FF612801DE9+595465]\n\t(No symbol) [0x00007FF61261E6CF]\n\t(No symbol) [0x00007FF612662960]\n\t(No symbol) [0x00007FF612662A1F]\n\t(No symbol) [0x00007FF61269D627]\n\t(No symbol) [0x00007FF61268203F]\n\t(No symbol) [0x00007FF612658147]\n\t(No symbol) [0x00007FF61269B1EE]\n\t(No symbol) [0x00007FF612681C63]\n\t(No symbol) [0x00007FF61265766E]\n\t(No symbol) [0x00007FF61265683C]\n\t(No symbol) [0x00007FF612657221]\n\tMicrosoft::Applications::Events::EventProperty::to_string [0x00007FF612A396D4+1099860]\n\tMicrosoft::Applications::Events::EventProperty::~EventProperty [0x00007FF61277D8FC+53532]\n\tMicrosoft::Applications::Events::EventProperty::~EventProperty [0x00007FF612770E25+1605]\n\tMicrosoft::Applications::Events::EventProperty::to_string [0x00007FF612A38665+1095653]\n\tMicrosoft::Applications::Events::ILogConfiguration::operator* [0x00007FF61280C961+27777]\n\tMicrosoft::Applications::Events::ILogConfiguration::operator* [0x00007FF612806CE4+4100]\n\tMicrosoft::Applications::Events::ILogConfiguration::operator* [0x00007FF612806E1B+4411]\n\tMicrosoft::Applications::Events::EventProperty::~EventProperty [0x00007FF6127FCFA0+575424]\n\tBaseThreadInitThunk [0x00007FFC4C0E7344+20]\n\tRtlUserThreadStart [0x00007FFC4C21CC91+33]\n\n", "trace": "  File \"C:\\Users\\Admin\\PycharmProjects\\pythonProject\\BDD\\venv\\Lib\\site-packages\\behave\\model.py\", line 1329, in run\n    match.run(runner.context)\n  File \"C:\\Users\\Admin\\PycharmProjects\\pythonProject\\BDD\\venv\\Lib\\site-packages\\behave\\matchers.py\", line 98, in run\n    self.func(context, *args, **kwargs)\n  File \"features\\steps\\search.py\", line 44, in step_impl\n    context.home_page.valid_result()\n  File \"C:\\Users\\Admin\\PycharmProjects\\pythonProject\\BDD\\features\\pages\\HomePage.py\", line 31, in valid_result\n    scroll_down = self.driver.find_element(By.XPATH,self.scroll_down_Xpath)\n                  ^^^^^^^^^^^^^^^^^^^^^^^^^^^^^^^^^^^^^^^^^^^^^^^^^^^^^^^^^\n  File \"C:\\Users\\Admin\\PycharmProjects\\pythonProject\\BDD\\venv\\Lib\\site-packages\\selenium\\webdriver\\remote\\webdriver.py\", line 748, in find_element\n    return self.execute(Command.FIND_ELEMENT, {\"using\": by, \"value\": value})[\"value\"]\n           ^^^^^^^^^^^^^^^^^^^^^^^^^^^^^^^^^^^^^^^^^^^^^^^^^^^^^^^^^^^^^^^^^\n  File \"C:\\Users\\Admin\\PycharmProjects\\pythonProject\\BDD\\venv\\Lib\\site-packages\\selenium\\webdriver\\remote\\webdriver.py\", line 354, in execute\n    self.error_handler.check_response(response)\n  File \"C:\\Users\\Admin\\PycharmProjects\\pythonProject\\BDD\\venv\\Lib\\site-packages\\selenium\\webdriver\\remote\\errorhandler.py\", line 229, in check_response\n    raise exception_class(message, screen, stacktrace)\n"}, "steps": [{"name": "Given Landing page", "status": "passed", "start": 1721929328926, "stop": 1721929331950}, {"name": "When I search Valid Product in search box", "status": "passed", "start": 1721929331950, "stop": 1721929335055}, {"name": "And Click on the search button", "status": "passed", "start": 1721929335055, "stop": 1721929338413}, {"name": "Then I should I see the Valid Result", "status": "broken", "statusDetails": {"message": "selenium.common.exceptions.NoSuchElementException: Message: no such element: Unable to locate element: {\"method\":\"xpath\",\"selector\":\"//a[contains(text(), 'Apple Cinema 30')]\"}\n  (Session info: MicrosoftEdge=126.0.2592.113); For documentation on this error, please visit: https://www.selenium.dev/documentation/webdriver/troubleshooting/errors#no-such-element-exception\nStacktrace:\n\tGetHandleVerifier [0x00007FF612878132+13538]\n\tMicrosoft::Applications::Events::EventProperty::~EventProperty [0x00007FF612801DE9+595465]\n\t(No symbol) [0x00007FF61261E6CF]\n\t(No symbol) [0x00007FF612662960]\n\t(No symbol) [0x00007FF612662A1F]\n\t(No symbol) [0x00007FF61269D627]\n\t(No symbol) [0x00007FF61268203F]\n\t(No symbol) [0x00007FF612658147]\n\t(No symbol) [0x00007FF61269B1EE]\n\t(No symbol) [0x00007FF612681C63]\n\t(No symbol) [0x00007FF61265766E]\n\t(No symbol) [0x00007FF61265683C]\n\t(No symbol) [0x00007FF612657221]\n\tMicrosoft::Applications::Events::EventProperty::to_string [0x00007FF612A396D4+1099860]\n\tMicrosoft::Applications::Events::EventProperty::~EventProperty [0x00007FF61277D8FC+53532]\n\tMicrosoft::Applications::Events::EventProperty::~EventProperty [0x00007FF612770E25+1605]\n\tMicrosoft::Applications::Events::EventProperty::to_string [0x00007FF612A38665+1095653]\n\tMicrosoft::Applications::Events::ILogConfiguration::operator* [0x00007FF61280C961+27777]\n\tMicrosoft::Applications::Events::ILogConfiguration::operator* [0x00007FF612806CE4+4100]\n\tMicrosoft::Applications::Events::ILogConfiguration::operator* [0x00007FF612806E1B+4411]\n\tMicrosoft::Applications::Events::EventProperty::~EventProperty [0x00007FF6127FCFA0+575424]\n\tBaseThreadInitThunk [0x00007FFC4C0E7344+20]\n\tRtlUserThreadStart [0x00007FFC4C21CC91+33]\n\n", "trace": "  File \"C:\\Users\\Admin\\PycharmProjects\\pythonProject\\BDD\\venv\\Lib\\site-packages\\behave\\model.py\", line 1329, in run\n    match.run(runner.context)\n  File \"C:\\Users\\Admin\\PycharmProjects\\pythonProject\\BDD\\venv\\Lib\\site-packages\\behave\\matchers.py\", line 98, in run\n    self.func(context, *args, **kwargs)\n  File \"features\\steps\\search.py\", line 44, in step_impl\n    context.home_page.valid_result()\n  File \"C:\\Users\\Admin\\PycharmProjects\\pythonProject\\BDD\\features\\pages\\HomePage.py\", line 31, in valid_result\n    scroll_down = self.driver.find_element(By.XPATH,self.scroll_down_Xpath)\n                  ^^^^^^^^^^^^^^^^^^^^^^^^^^^^^^^^^^^^^^^^^^^^^^^^^^^^^^^^^\n  File \"C:\\Users\\Admin\\PycharmProjects\\pythonProject\\BDD\\venv\\Lib\\site-packages\\selenium\\webdriver\\remote\\webdriver.py\", line 748, in find_element\n    return self.execute(Command.FIND_ELEMENT, {\"using\": by, \"value\": value})[\"value\"]\n           ^^^^^^^^^^^^^^^^^^^^^^^^^^^^^^^^^^^^^^^^^^^^^^^^^^^^^^^^^^^^^^^^^\n  File \"C:\\Users\\Admin\\PycharmProjects\\pythonProject\\BDD\\venv\\Lib\\site-packages\\selenium\\webdriver\\remote\\webdriver.py\", line 354, in execute\n    self.error_handler.check_response(response)\n  File \"C:\\Users\\Admin\\PycharmProjects\\pythonProject\\BDD\\venv\\Lib\\site-packages\\selenium\\webdriver\\remote\\errorhandler.py\", line 229, in check_response\n    raise exception_class(message, screen, stacktrace)\n"}, "attachments": [{"name": "failed_screenshots", "source": "8bdb89e9-d2d6-458c-bf89-e67ef9b99317-attachment.png", "type": "image/png"}], "start": 1721929338413, "stop": 1721929348622}], "start": 1721929322743, "stop": 1721929350836, "uuid": "d28e74c3-d32f-4208-83f4-eeb88d3e7347", "historyId": "da16ff660e7edbd8612409a04eb971b7", "fullName": "Search Option: Valid search", "labels": [{"name": "severity", "value": "normal"}, {"name": "tag", "value": "search"}, {"name": "feature", "value": "Search Option"}, {"name": "framework", "value": "behave"}, {"name": "language", "value": "cpython3"}]}